2022-12-25 11:28:18.793 [info] Extension host with pid 24432 started
2022-12-25 11:28:18.793 [info] Skipping acquiring lock for /home/ju/.config/Code/User/workspaceStorage/be05d7291777ff987851e156f3fe0894.
2022-12-25 11:28:19.193 [info] ExtensionService#_doActivateExtension ms-python.python, startup: false, activationEvent: 'onLanguage:python', root cause: ms-python.isort
2022-12-25 11:28:19.193 [info] ExtensionService#_doActivateExtension ms-toolsai.jupyter, startup: false, activationEvent: 'onLanguage:python'
2022-12-25 11:28:19.193 [info] ExtensionService#_doActivateExtension vscode.microsoft-authentication, startup: false, activationEvent: 'onAuthenticationRequest:microsoft'
2022-12-25 11:28:19.194 [info] ExtensionService#_doActivateExtension vscode.git-base, startup: true, activationEvent: '*', root cause: vscode.git
2022-12-25 11:28:20.206 [info] ExtensionService#_doActivateExtension ms-toolsai.jupyter-renderers, startup: false, activationEvent: 'api', root cause: ms-toolsai.jupyter
2022-12-25 11:28:20.373 [info] ExtensionService#_doActivateExtension vscode.git, startup: true, activationEvent: '*'
2022-12-25 11:28:20.373 [info] ExtensionService#_doActivateExtension vscode.github, startup: true, activationEvent: '*'
2022-12-25 11:28:20.373 [info] ExtensionService#_doActivateExtension ms-python.isort, startup: false, activationEvent: 'onLanguage:python'
2022-12-25 11:28:20.373 [info] ExtensionService#_doActivateExtension ms-python.vscode-pylance, startup: false, activationEvent: 'onLanguage:python'
2022-12-25 11:28:20.884 [info] ExtensionService#_doActivateExtension vscode.github-authentication, startup: false, activationEvent: 'onAuthenticationRequest:github'
2022-12-25 11:28:20.919 [info] Eager extensions activated
2022-12-25 11:28:20.978 [info] ExtensionService#_doActivateExtension vscode.debug-auto-launch, startup: false, activationEvent: 'onStartupFinished'
2022-12-25 11:28:20.978 [info] ExtensionService#_doActivateExtension vscode.emmet, startup: false, activationEvent: 'onStartupFinished'
2022-12-25 11:28:20.978 [info] ExtensionService#_doActivateExtension vscode.merge-conflict, startup: false, activationEvent: 'onStartupFinished'
2022-12-25 11:28:21.978 [error] Error: Module 'pip' not installed.
	at l.execModule (/home/ju/.vscode/extensions/ms-toolsai.jupyter-2022.11.1003412109/out/extension.node.js:7:82791)
	at async r.getPackageInformation (/home/ju/.vscode/extensions/ms-toolsai.jupyter-2022.11.1003412109/out/extension.node.js:17:42188)
2022-12-25 11:37:07.669 [error] [ms-python.python] provider FAILED
2022-12-25 11:37:07.669 [error] Error: Request textDocument/foldingRange failed with message: index is out of range
	at /home/ju/.vscode/extensions/ms-python.python-2022.20.1/out/client/extension.js:2:1948854
	at /home/ju/.vscode/extensions/ms-python.python-2022.20.1/out/client/extension.js:2:1949148
	at Immediate.<anonymous> (/home/ju/.vscode/extensions/ms-python.python-2022.20.1/out/client/extension.js:2:1949510)
	at process.processImmediate (node:internal/timers:466:21)
2022-12-25 14:50:01.450 [error] [ms-python.python] provider FAILED
2022-12-25 14:50:01.450 [error] Error: Request textDocument/foldingRange failed with message: index is out of range
	at /home/ju/.vscode/extensions/ms-python.python-2022.20.1/out/client/extension.js:2:1948854
	at /home/ju/.vscode/extensions/ms-python.python-2022.20.1/out/client/extension.js:2:1949148
	at Immediate.<anonymous> (/home/ju/.vscode/extensions/ms-python.python-2022.20.1/out/client/extension.js:2:1949510)
	at process.processImmediate (node:internal/timers:466:21)
2022-12-25 14:52:12.981 [error] [ms-python.python] provider FAILED
2022-12-25 14:52:12.981 [error] Error: Request textDocument/foldingRange failed with message: index is out of range
	at /home/ju/.vscode/extensions/ms-python.python-2022.20.1/out/client/extension.js:2:1948854
	at /home/ju/.vscode/extensions/ms-python.python-2022.20.1/out/client/extension.js:2:1949148
	at Immediate.<anonymous> (/home/ju/.vscode/extensions/ms-python.python-2022.20.1/out/client/extension.js:2:1949510)
	at process.processImmediate (node:internal/timers:466:21)
2022-12-25 16:26:15.678 [error] [ms-python.python] provider FAILED
2022-12-25 16:26:15.678 [error] Error: Request textDocument/foldingRange failed with message: index is out of range
	at /home/ju/.vscode/extensions/ms-python.python-2022.20.1/out/client/extension.js:2:1948854
	at /home/ju/.vscode/extensions/ms-python.python-2022.20.1/out/client/extension.js:2:1949148
	at Immediate.<anonymous> (/home/ju/.vscode/extensions/ms-python.python-2022.20.1/out/client/extension.js:2:1949510)
	at process.processImmediate (node:internal/timers:466:21)
2022-12-25 16:26:16.260 [error] [ms-python.python] provider FAILED
2022-12-25 16:26:16.260 [error] Error: Request textDocument/foldingRange failed with message: index is out of range
	at /home/ju/.vscode/extensions/ms-python.python-2022.20.1/out/client/extension.js:2:1948854
	at /home/ju/.vscode/extensions/ms-python.python-2022.20.1/out/client/extension.js:2:1949148
	at Immediate.<anonymous> (/home/ju/.vscode/extensions/ms-python.python-2022.20.1/out/client/extension.js:2:1949510)
	at process.processImmediate (node:internal/timers:466:21)
2022-12-25 16:26:23.810 [error] [ms-python.python] provider FAILED
2022-12-25 16:26:23.810 [error] Error: Request textDocument/foldingRange failed with message: index is out of range
	at /home/ju/.vscode/extensions/ms-python.python-2022.20.1/out/client/extension.js:2:1948854
	at /home/ju/.vscode/extensions/ms-python.python-2022.20.1/out/client/extension.js:2:1949148
	at Immediate.<anonymous> (/home/ju/.vscode/extensions/ms-python.python-2022.20.1/out/client/extension.js:2:1949510)
	at process.processImmediate (node:internal/timers:466:21)
2022-12-25 16:26:25.163 [error] [ms-python.python] provider FAILED
2022-12-25 16:26:25.163 [error] Error: Request textDocument/foldingRange failed with message: index is out of range
	at /home/ju/.vscode/extensions/ms-python.python-2022.20.1/out/client/extension.js:2:1948854
	at /home/ju/.vscode/extensions/ms-python.python-2022.20.1/out/client/extension.js:2:1949148
	at Immediate.<anonymous> (/home/ju/.vscode/extensions/ms-python.python-2022.20.1/out/client/extension.js:2:1949510)
	at process.processImmediate (node:internal/timers:466:21)
2022-12-25 16:42:33.248 [error] [ms-python.python] provider FAILED
2022-12-25 16:42:33.248 [error] Error: Request textDocument/foldingRange failed with message: index is out of range
	at /home/ju/.vscode/extensions/ms-python.python-2022.20.1/out/client/extension.js:2:1948854
	at /home/ju/.vscode/extensions/ms-python.python-2022.20.1/out/client/extension.js:2:1949148
	at Immediate.<anonymous> (/home/ju/.vscode/extensions/ms-python.python-2022.20.1/out/client/extension.js:2:1949510)
	at process.processImmediate (node:internal/timers:466:21)
2022-12-25 16:42:33.820 [error] [ms-python.python] provider FAILED
2022-12-25 16:42:33.820 [error] Error: Request textDocument/foldingRange failed with message: index is out of range
	at /home/ju/.vscode/extensions/ms-python.python-2022.20.1/out/client/extension.js:2:1948854
	at /home/ju/.vscode/extensions/ms-python.python-2022.20.1/out/client/extension.js:2:1949148
	at Immediate.<anonymous> (/home/ju/.vscode/extensions/ms-python.python-2022.20.1/out/client/extension.js:2:1949510)
	at process.processImmediate (node:internal/timers:466:21)
2022-12-25 16:42:34.166 [error] [ms-python.python] provider FAILED
2022-12-25 16:42:34.167 [error] Error: Request textDocument/foldingRange failed with message: index is out of range
	at /home/ju/.vscode/extensions/ms-python.python-2022.20.1/out/client/extension.js:2:1948854
	at /home/ju/.vscode/extensions/ms-python.python-2022.20.1/out/client/extension.js:2:1949148
	at Immediate.<anonymous> (/home/ju/.vscode/extensions/ms-python.python-2022.20.1/out/client/extension.js:2:1949510)
	at process.processImmediate (node:internal/timers:466:21)
2022-12-25 17:21:18.752 [error] [ms-python.python] provider FAILED
2022-12-25 17:21:18.752 [error] Error: Request textDocument/foldingRange failed with message: index is out of range
	at /home/ju/.vscode/extensions/ms-python.python-2022.20.1/out/client/extension.js:2:1948854
	at /home/ju/.vscode/extensions/ms-python.python-2022.20.1/out/client/extension.js:2:1949148
	at Immediate.<anonymous> (/home/ju/.vscode/extensions/ms-python.python-2022.20.1/out/client/extension.js:2:1949510)
	at process.processImmediate (node:internal/timers:466:21)
2022-12-25 17:21:19.567 [error] [ms-python.python] provider FAILED
2022-12-25 17:21:19.567 [error] Error: Request textDocument/foldingRange failed with message: index is out of range
	at /home/ju/.vscode/extensions/ms-python.python-2022.20.1/out/client/extension.js:2:1948854
	at /home/ju/.vscode/extensions/ms-python.python-2022.20.1/out/client/extension.js:2:1949148
	at Immediate.<anonymous> (/home/ju/.vscode/extensions/ms-python.python-2022.20.1/out/client/extension.js:2:1949510)
	at process.processImmediate (node:internal/timers:466:21)
2022-12-25 17:21:20.210 [error] [ms-python.python] provider FAILED
2022-12-25 17:21:20.210 [error] Error: Request textDocument/foldingRange failed with message: index is out of range
	at /home/ju/.vscode/extensions/ms-python.python-2022.20.1/out/client/extension.js:2:1948854
	at /home/ju/.vscode/extensions/ms-python.python-2022.20.1/out/client/extension.js:2:1949148
	at Immediate.<anonymous> (/home/ju/.vscode/extensions/ms-python.python-2022.20.1/out/client/extension.js:2:1949510)
	at process.processImmediate (node:internal/timers:466:21)
2022-12-25 17:21:21.608 [error] [ms-python.python] provider FAILED
2022-12-25 17:21:21.608 [error] Error: Request textDocument/foldingRange failed with message: index is out of range
	at /home/ju/.vscode/extensions/ms-python.python-2022.20.1/out/client/extension.js:2:1948854
	at /home/ju/.vscode/extensions/ms-python.python-2022.20.1/out/client/extension.js:2:1949148
	at Immediate.<anonymous> (/home/ju/.vscode/extensions/ms-python.python-2022.20.1/out/client/extension.js:2:1949510)
	at process.processImmediate (node:internal/timers:466:21)
2022-12-25 17:21:22.354 [error] [ms-python.python] provider FAILED
2022-12-25 17:21:22.369 [error] Error: Request textDocument/foldingRange failed with message: index is out of range
	at /home/ju/.vscode/extensions/ms-python.python-2022.20.1/out/client/extension.js:2:1948854
	at /home/ju/.vscode/extensions/ms-python.python-2022.20.1/out/client/extension.js:2:1949148
	at Immediate.<anonymous> (/home/ju/.vscode/extensions/ms-python.python-2022.20.1/out/client/extension.js:2:1949510)
	at process.processImmediate (node:internal/timers:466:21)
2022-12-25 17:21:22.983 [error] [ms-python.python] provider FAILED
2022-12-25 17:21:22.983 [error] Error: Request textDocument/foldingRange failed with message: index is out of range
	at /home/ju/.vscode/extensions/ms-python.python-2022.20.1/out/client/extension.js:2:1948854
	at /home/ju/.vscode/extensions/ms-python.python-2022.20.1/out/client/extension.js:2:1949148
	at Immediate.<anonymous> (/home/ju/.vscode/extensions/ms-python.python-2022.20.1/out/client/extension.js:2:1949510)
	at process.processImmediate (node:internal/timers:466:21)
2022-12-25 17:21:23.411 [error] [ms-python.python] provider FAILED
2022-12-25 17:21:23.411 [error] Error: Request textDocument/foldingRange failed with message: index is out of range
	at /home/ju/.vscode/extensions/ms-python.python-2022.20.1/out/client/extension.js:2:1948854
	at /home/ju/.vscode/extensions/ms-python.python-2022.20.1/out/client/extension.js:2:1949148
	at Immediate.<anonymous> (/home/ju/.vscode/extensions/ms-python.python-2022.20.1/out/client/extension.js:2:1949510)
	at process.processImmediate (node:internal/timers:466:21)
2022-12-25 17:21:24.609 [error] [ms-python.python] provider FAILED
2022-12-25 17:21:24.609 [error] Error: Request textDocument/foldingRange failed with message: index is out of range
	at /home/ju/.vscode/extensions/ms-python.python-2022.20.1/out/client/extension.js:2:1948854
	at /home/ju/.vscode/extensions/ms-python.python-2022.20.1/out/client/extension.js:2:1949148
	at Immediate.<anonymous> (/home/ju/.vscode/extensions/ms-python.python-2022.20.1/out/client/extension.js:2:1949510)
	at process.processImmediate (node:internal/timers:466:21)
2022-12-25 18:39:21.473 [info] ExtensionService#_doActivateExtension vscode.configuration-editing, startup: false, activationEvent: 'onLanguage:json'
2022-12-25 18:39:21.474 [info] ExtensionService#_doActivateExtension vscode.extension-editing, startup: false, activationEvent: 'onLanguage:json'
2022-12-25 18:39:21.474 [info] ExtensionService#_doActivateExtension vscode.json-language-features, startup: false, activationEvent: 'onLanguage:json'
2022-12-25 18:39:21.474 [info] ExtensionService#_doActivateExtension vscode.npm, startup: false, activationEvent: 'onLanguage:json'
2022-12-25 18:39:21.635 [warning] Using default string since no string found in i18n bundle that has the key: Configure
2022-12-25 18:39:21.635 [warning] Using default string since no string found in i18n bundle that has the key: JSON Language Server
2022-12-25 18:39:21.815 [warning] Using default string since no string found in i18n bundle that has the key: JSON: Schema Resolution Error
2022-12-25 18:39:22.201 [warning] Using default string since no string found in i18n bundle that has the key: Unable to resolve schema. Click to retry.
2022-12-25 18:39:22.202 [warning] Using default string since no string found in i18n bundle that has the key: JSON Validation Status
2022-12-25 18:39:22.202 [warning] Using default string since no string found in i18n bundle that has the key: Loading JSON info
2022-12-25 18:39:22.210 [warning] Using default string since no string found in i18n bundle that has the key: No Schema Validation
2022-12-25 18:39:22.210 [warning] Using default string since no string found in i18n bundle that has the key: no JSON schema configured
2022-12-25 18:39:22.210 [warning] Using default string since no string found in i18n bundle that has the key: Show Schemas
2022-12-25 18:39:23.679 [warning] Using default string since no string found in i18n bundle that has the key: Unable to compute used schemas: No document
2022-12-25 18:39:23.681 [warning] Using default string since no string found in i18n bundle that has the key: Loading JSON info
2022-12-25 18:39:23.702 [warning] Using default string since no string found in i18n bundle that has the key: No Schema Validation
2022-12-25 18:39:23.702 [warning] Using default string since no string found in i18n bundle that has the key: no JSON schema configured
2022-12-25 18:39:23.702 [warning] Using default string since no string found in i18n bundle that has the key: Show Schemas
2022-12-25 18:40:56.034 [warning] Using default string since no string found in i18n bundle that has the key: Unable to compute used schemas: No document
2022-12-25 18:40:56.069 [warning] Using default string since no string found in i18n bundle that has the key: Loading JSON info
2022-12-25 18:40:56.094 [warning] Using default string since no string found in i18n bundle that has the key: No Schema Validation
2022-12-25 18:40:56.094 [warning] Using default string since no string found in i18n bundle that has the key: no JSON schema configured
2022-12-25 18:40:56.094 [warning] Using default string since no string found in i18n bundle that has the key: Show Schemas
2022-12-25 18:40:57.517 [warning] Using default string since no string found in i18n bundle that has the key: Unable to compute used schemas: No document
2022-12-25 18:40:57.518 [warning] Using default string since no string found in i18n bundle that has the key: Loading JSON info
2022-12-25 18:40:57.539 [warning] Using default string since no string found in i18n bundle that has the key: No Schema Validation
2022-12-25 18:40:57.539 [warning] Using default string since no string found in i18n bundle that has the key: no JSON schema configured
2022-12-25 18:40:57.539 [warning] Using default string since no string found in i18n bundle that has the key: Show Schemas
2022-12-25 18:42:02.670 [warning] Using default string since no string found in i18n bundle that has the key: Unable to compute used schemas: No document
2022-12-25 18:42:02.670 [warning] Using default string since no string found in i18n bundle that has the key: Loading JSON info
2022-12-25 18:42:02.684 [warning] Using default string since no string found in i18n bundle that has the key: No Schema Validation
2022-12-25 18:42:02.684 [warning] Using default string since no string found in i18n bundle that has the key: no JSON schema configured
2022-12-25 18:42:02.684 [warning] Using default string since no string found in i18n bundle that has the key: Show Schemas
2022-12-25 18:42:04.396 [warning] Using default string since no string found in i18n bundle that has the key: Unable to compute used schemas: No document
2022-12-25 18:42:04.398 [warning] Using default string since no string found in i18n bundle that has the key: Loading JSON info
2022-12-25 18:42:04.415 [warning] Using default string since no string found in i18n bundle that has the key: No Schema Validation
2022-12-25 18:42:04.415 [warning] Using default string since no string found in i18n bundle that has the key: no JSON schema configured
2022-12-25 18:42:04.415 [warning] Using default string since no string found in i18n bundle that has the key: Show Schemas
2022-12-25 18:42:47.705 [warning] Using default string since no string found in i18n bundle that has the key: Unable to compute used schemas: No document
2022-12-25 18:42:47.768 [warning] Using default string since no string found in i18n bundle that has the key: Loading JSON info
2022-12-25 18:42:47.781 [warning] Using default string since no string found in i18n bundle that has the key: No Schema Validation
2022-12-25 18:42:47.781 [warning] Using default string since no string found in i18n bundle that has the key: no JSON schema configured
2022-12-25 18:42:47.781 [warning] Using default string since no string found in i18n bundle that has the key: Show Schemas
2022-12-25 18:42:49.347 [warning] Using default string since no string found in i18n bundle that has the key: Unable to compute used schemas: No document
2022-12-25 18:42:49.348 [warning] Using default string since no string found in i18n bundle that has the key: Loading JSON info
2022-12-25 18:42:49.367 [warning] Using default string since no string found in i18n bundle that has the key: No Schema Validation
2022-12-25 18:42:49.367 [warning] Using default string since no string found in i18n bundle that has the key: no JSON schema configured
2022-12-25 18:42:49.367 [warning] Using default string since no string found in i18n bundle that has the key: Show Schemas
2022-12-25 18:44:24.515 [warning] Using default string since no string found in i18n bundle that has the key: Unable to compute used schemas: No document
2022-12-25 18:44:24.516 [warning] Using default string since no string found in i18n bundle that has the key: Loading JSON info
2022-12-25 18:44:24.545 [warning] Using default string since no string found in i18n bundle that has the key: No Schema Validation
2022-12-25 18:44:24.545 [warning] Using default string since no string found in i18n bundle that has the key: no JSON schema configured
2022-12-25 18:44:24.545 [warning] Using default string since no string found in i18n bundle that has the key: Show Schemas
2022-12-25 18:44:25.405 [warning] Using default string since no string found in i18n bundle that has the key: Unable to compute used schemas: No document
2022-12-25 18:44:25.405 [warning] Using default string since no string found in i18n bundle that has the key: Loading JSON info
2022-12-25 18:44:25.418 [warning] Using default string since no string found in i18n bundle that has the key: No Schema Validation
2022-12-25 18:44:25.418 [warning] Using default string since no string found in i18n bundle that has the key: no JSON schema configured
2022-12-25 18:44:25.418 [warning] Using default string since no string found in i18n bundle that has the key: Show Schemas
2022-12-25 19:02:22.080 [warning] Using default string since no string found in i18n bundle that has the key: Unable to compute used schemas: No document
2022-12-25 19:02:22.199 [warning] Using default string since no string found in i18n bundle that has the key: Loading JSON info
2022-12-25 19:02:22.263 [warning] Using default string since no string found in i18n bundle that has the key: No Schema Validation
2022-12-25 19:02:22.263 [warning] Using default string since no string found in i18n bundle that has the key: no JSON schema configured
2022-12-25 19:02:22.263 [warning] Using default string since no string found in i18n bundle that has the key: Show Schemas
2022-12-25 19:02:29.928 [warning] Using default string since no string found in i18n bundle that has the key: Unable to compute used schemas: No document
2022-12-25 19:02:30.120 [warning] Using default string since no string found in i18n bundle that has the key: Loading JSON info
2022-12-25 19:02:30.130 [warning] Using default string since no string found in i18n bundle that has the key: No Schema Validation
2022-12-25 19:02:30.130 [warning] Using default string since no string found in i18n bundle that has the key: no JSON schema configured
2022-12-25 19:02:30.130 [warning] Using default string since no string found in i18n bundle that has the key: Show Schemas
2022-12-25 19:02:35.144 [warning] Using default string since no string found in i18n bundle that has the key: Unable to compute used schemas: No document
2022-12-25 19:02:35.493 [warning] Using default string since no string found in i18n bundle that has the key: Loading JSON info
2022-12-25 19:02:35.568 [warning] Using default string since no string found in i18n bundle that has the key: No Schema Validation
2022-12-25 19:02:35.568 [warning] Using default string since no string found in i18n bundle that has the key: no JSON schema configured
2022-12-25 19:02:35.568 [warning] Using default string since no string found in i18n bundle that has the key: Show Schemas
2022-12-25 19:02:41.865 [warning] Using default string since no string found in i18n bundle that has the key: Unable to compute used schemas: No document
2022-12-25 19:02:41.969 [warning] Using default string since no string found in i18n bundle that has the key: Loading JSON info
2022-12-25 19:02:41.997 [warning] Using default string since no string found in i18n bundle that has the key: No Schema Validation
2022-12-25 19:02:41.997 [warning] Using default string since no string found in i18n bundle that has the key: no JSON schema configured
2022-12-25 19:02:41.997 [warning] Using default string since no string found in i18n bundle that has the key: Show Schemas
2022-12-25 19:06:43.991 [warning] Using default string since no string found in i18n bundle that has the key: Unable to compute used schemas: No document
2022-12-25 19:06:43.992 [warning] Using default string since no string found in i18n bundle that has the key: Loading JSON info
2022-12-25 19:06:44.012 [warning] Using default string since no string found in i18n bundle that has the key: No Schema Validation
2022-12-25 19:06:44.012 [warning] Using default string since no string found in i18n bundle that has the key: no JSON schema configured
2022-12-25 19:06:44.012 [warning] Using default string since no string found in i18n bundle that has the key: Show Schemas
2022-12-25 19:06:45.952 [warning] Using default string since no string found in i18n bundle that has the key: Unable to compute used schemas: No document
2022-12-25 19:06:45.953 [warning] Using default string since no string found in i18n bundle that has the key: Loading JSON info
2022-12-25 19:06:46.007 [warning] Using default string since no string found in i18n bundle that has the key: No Schema Validation
2022-12-25 19:06:46.007 [warning] Using default string since no string found in i18n bundle that has the key: no JSON schema configured
2022-12-25 19:06:46.007 [warning] Using default string since no string found in i18n bundle that has the key: Show Schemas
2022-12-25 19:12:17.733 [warning] Using default string since no string found in i18n bundle that has the key: Unable to compute used schemas: No document
2022-12-25 19:12:17.799 [warning] Using default string since no string found in i18n bundle that has the key: Loading JSON info
2022-12-25 19:12:17.820 [warning] Using default string since no string found in i18n bundle that has the key: No Schema Validation
2022-12-25 19:12:17.820 [warning] Using default string since no string found in i18n bundle that has the key: no JSON schema configured
2022-12-25 19:12:17.820 [warning] Using default string since no string found in i18n bundle that has the key: Show Schemas
2022-12-25 19:12:19.425 [warning] Using default string since no string found in i18n bundle that has the key: Unable to compute used schemas: No document
2022-12-25 19:12:19.425 [warning] Using default string since no string found in i18n bundle that has the key: Loading JSON info
2022-12-25 19:12:19.454 [warning] Using default string since no string found in i18n bundle that has the key: No Schema Validation
2022-12-25 19:12:19.454 [warning] Using default string since no string found in i18n bundle that has the key: no JSON schema configured
2022-12-25 19:12:19.454 [warning] Using default string since no string found in i18n bundle that has the key: Show Schemas
2022-12-25 19:18:22.770 [warning] Using default string since no string found in i18n bundle that has the key: Unable to compute used schemas: No document
2022-12-25 19:18:22.965 [warning] Using default string since no string found in i18n bundle that has the key: Loading JSON info
2022-12-25 19:18:23.012 [warning] Using default string since no string found in i18n bundle that has the key: No Schema Validation
2022-12-25 19:18:23.012 [warning] Using default string since no string found in i18n bundle that has the key: no JSON schema configured
2022-12-25 19:18:23.012 [warning] Using default string since no string found in i18n bundle that has the key: Show Schemas
2022-12-25 19:18:26.981 [warning] Using default string since no string found in i18n bundle that has the key: Unable to compute used schemas: No document
2022-12-25 19:18:26.982 [warning] Using default string since no string found in i18n bundle that has the key: Loading JSON info
2022-12-25 19:18:27.011 [warning] Using default string since no string found in i18n bundle that has the key: No Schema Validation
2022-12-25 19:18:27.011 [warning] Using default string since no string found in i18n bundle that has the key: no JSON schema configured
2022-12-25 19:18:27.011 [warning] Using default string since no string found in i18n bundle that has the key: Show Schemas
2022-12-25 19:18:27.790 [warning] Using default string since no string found in i18n bundle that has the key: Unable to compute used schemas: No document
2022-12-25 19:18:27.808 [warning] Using default string since no string found in i18n bundle that has the key: Loading JSON info
2022-12-25 19:18:27.819 [warning] Using default string since no string found in i18n bundle that has the key: No Schema Validation
2022-12-25 19:18:27.819 [warning] Using default string since no string found in i18n bundle that has the key: no JSON schema configured
2022-12-25 19:18:27.819 [warning] Using default string since no string found in i18n bundle that has the key: Show Schemas
2022-12-25 19:18:44.840 [warning] Using default string since no string found in i18n bundle that has the key: Unable to compute used schemas: No document
2022-12-25 19:18:44.841 [warning] Using default string since no string found in i18n bundle that has the key: Loading JSON info
2022-12-25 19:18:44.856 [warning] Using default string since no string found in i18n bundle that has the key: No Schema Validation
2022-12-25 19:18:44.856 [warning] Using default string since no string found in i18n bundle that has the key: no JSON schema configured
2022-12-25 19:18:44.856 [warning] Using default string since no string found in i18n bundle that has the key: Show Schemas
2022-12-25 19:40:41.808 [warning] Using default string since no string found in i18n bundle that has the key: Unable to compute used schemas: No document
2022-12-25 19:40:41.910 [warning] Using default string since no string found in i18n bundle that has the key: Loading JSON info
2022-12-25 19:40:41.943 [warning] Using default string since no string found in i18n bundle that has the key: No Schema Validation
2022-12-25 19:40:41.943 [warning] Using default string since no string found in i18n bundle that has the key: no JSON schema configured
2022-12-25 19:40:41.943 [warning] Using default string since no string found in i18n bundle that has the key: Show Schemas
2022-12-25 19:40:49.484 [warning] Using default string since no string found in i18n bundle that has the key: Unable to compute used schemas: No document
2022-12-25 19:40:49.504 [warning] Using default string since no string found in i18n bundle that has the key: Loading JSON info
2022-12-25 19:40:49.531 [warning] Using default string since no string found in i18n bundle that has the key: No Schema Validation
2022-12-25 19:40:49.531 [warning] Using default string since no string found in i18n bundle that has the key: no JSON schema configured
2022-12-25 19:40:49.531 [warning] Using default string since no string found in i18n bundle that has the key: Show Schemas
2022-12-25 19:40:50.425 [warning] Using default string since no string found in i18n bundle that has the key: Unable to compute used schemas: No document
2022-12-25 19:40:50.482 [warning] Using default string since no string found in i18n bundle that has the key: Loading JSON info
2022-12-25 19:40:50.512 [warning] Using default string since no string found in i18n bundle that has the key: No Schema Validation
2022-12-25 19:40:50.512 [warning] Using default string since no string found in i18n bundle that has the key: no JSON schema configured
2022-12-25 19:40:50.512 [warning] Using default string since no string found in i18n bundle that has the key: Show Schemas
2022-12-25 19:40:57.209 [warning] Using default string since no string found in i18n bundle that has the key: Unable to compute used schemas: No document
2022-12-25 19:40:57.288 [warning] Using default string since no string found in i18n bundle that has the key: Loading JSON info
2022-12-25 19:40:57.302 [warning] Using default string since no string found in i18n bundle that has the key: No Schema Validation
2022-12-25 19:40:57.302 [warning] Using default string since no string found in i18n bundle that has the key: no JSON schema configured
2022-12-25 19:40:57.303 [warning] Using default string since no string found in i18n bundle that has the key: Show Schemas
2022-12-25 19:40:58.113 [warning] Using default string since no string found in i18n bundle that has the key: Unable to compute used schemas: No document
2022-12-25 19:40:58.176 [warning] Using default string since no string found in i18n bundle that has the key: Loading JSON info
2022-12-25 19:40:58.189 [warning] Using default string since no string found in i18n bundle that has the key: No Schema Validation
2022-12-25 19:40:58.189 [warning] Using default string since no string found in i18n bundle that has the key: no JSON schema configured
2022-12-25 19:40:58.189 [warning] Using default string since no string found in i18n bundle that has the key: Show Schemas
2022-12-25 19:40:58.677 [warning] Using default string since no string found in i18n bundle that has the key: Unable to compute used schemas: No document
2022-12-25 19:40:58.791 [warning] Using default string since no string found in i18n bundle that has the key: Loading JSON info
2022-12-25 19:40:58.837 [warning] Using default string since no string found in i18n bundle that has the key: No Schema Validation
2022-12-25 19:40:58.837 [warning] Using default string since no string found in i18n bundle that has the key: no JSON schema configured
2022-12-25 19:40:58.837 [warning] Using default string since no string found in i18n bundle that has the key: Show Schemas
2022-12-25 19:41:02.908 [warning] Using default string since no string found in i18n bundle that has the key: Unable to compute used schemas: No document
2022-12-25 19:41:03.073 [warning] Using default string since no string found in i18n bundle that has the key: Loading JSON info
2022-12-25 19:41:03.080 [warning] Using default string since no string found in i18n bundle that has the key: No Schema Validation
2022-12-25 19:41:03.080 [warning] Using default string since no string found in i18n bundle that has the key: no JSON schema configured
2022-12-25 19:41:03.080 [warning] Using default string since no string found in i18n bundle that has the key: Show Schemas
2022-12-25 19:46:14.201 [error] [ms-python.python] provider FAILED
2022-12-25 19:46:14.201 [error] Error: Request textDocument/foldingRange failed with message: index is out of range
	at /home/ju/.vscode/extensions/ms-python.python-2022.20.1/out/client/extension.js:2:1948854
	at /home/ju/.vscode/extensions/ms-python.python-2022.20.1/out/client/extension.js:2:1949148
	at Immediate.<anonymous> (/home/ju/.vscode/extensions/ms-python.python-2022.20.1/out/client/extension.js:2:1949510)
	at process.processImmediate (node:internal/timers:466:21)
2022-12-25 19:46:49.789 [error] [ms-python.python] provider FAILED
2022-12-25 19:46:49.789 [error] Error: Request textDocument/foldingRange failed with message: index is out of range
	at /home/ju/.vscode/extensions/ms-python.python-2022.20.1/out/client/extension.js:2:1948854
	at /home/ju/.vscode/extensions/ms-python.python-2022.20.1/out/client/extension.js:2:1949148
	at Immediate.<anonymous> (/home/ju/.vscode/extensions/ms-python.python-2022.20.1/out/client/extension.js:2:1949510)
	at process.processImmediate (node:internal/timers:466:21)
2022-12-25 19:46:53.550 [error] [ms-python.python] provider FAILED
2022-12-25 19:46:53.551 [error] Error: Request textDocument/foldingRange failed with message: index is out of range
	at /home/ju/.vscode/extensions/ms-python.python-2022.20.1/out/client/extension.js:2:1948854
	at /home/ju/.vscode/extensions/ms-python.python-2022.20.1/out/client/extension.js:2:1949148
	at Immediate.<anonymous> (/home/ju/.vscode/extensions/ms-python.python-2022.20.1/out/client/extension.js:2:1949510)
	at process.processImmediate (node:internal/timers:466:21)
2022-12-25 19:46:53.740 [error] [ms-python.python] provider FAILED
2022-12-25 19:46:53.740 [error] Error: Request textDocument/foldingRange failed with message: index is out of range
	at /home/ju/.vscode/extensions/ms-python.python-2022.20.1/out/client/extension.js:2:1948854
	at /home/ju/.vscode/extensions/ms-python.python-2022.20.1/out/client/extension.js:2:1949148
	at Immediate.<anonymous> (/home/ju/.vscode/extensions/ms-python.python-2022.20.1/out/client/extension.js:2:1949510)
	at process.processImmediate (node:internal/timers:466:21)
2022-12-25 19:46:54.714 [error] [ms-python.python] provider FAILED
2022-12-25 19:46:54.714 [error] Error: Request textDocument/foldingRange failed with message: index is out of range
	at /home/ju/.vscode/extensions/ms-python.python-2022.20.1/out/client/extension.js:2:1948854
	at /home/ju/.vscode/extensions/ms-python.python-2022.20.1/out/client/extension.js:2:1949148
	at Immediate.<anonymous> (/home/ju/.vscode/extensions/ms-python.python-2022.20.1/out/client/extension.js:2:1949510)
	at process.processImmediate (node:internal/timers:466:21)
2022-12-25 19:46:55.220 [error] [ms-python.python] provider FAILED
2022-12-25 19:46:55.221 [error] Error: Request textDocument/foldingRange failed with message: index is out of range
	at /home/ju/.vscode/extensions/ms-python.python-2022.20.1/out/client/extension.js:2:1948854
	at /home/ju/.vscode/extensions/ms-python.python-2022.20.1/out/client/extension.js:2:1949148
	at Immediate.<anonymous> (/home/ju/.vscode/extensions/ms-python.python-2022.20.1/out/client/extension.js:2:1949510)
	at process.processImmediate (node:internal/timers:466:21)
2022-12-25 19:46:55.437 [error] [ms-python.python] provider FAILED
2022-12-25 19:46:55.437 [error] Error: Request textDocument/foldingRange failed with message: index is out of range
	at /home/ju/.vscode/extensions/ms-python.python-2022.20.1/out/client/extension.js:2:1948854
	at /home/ju/.vscode/extensions/ms-python.python-2022.20.1/out/client/extension.js:2:1949148
	at Immediate.<anonymous> (/home/ju/.vscode/extensions/ms-python.python-2022.20.1/out/client/extension.js:2:1949510)
	at process.processImmediate (node:internal/timers:466:21)
2022-12-25 19:46:55.661 [error] [ms-python.python] provider FAILED
2022-12-25 19:46:55.661 [error] Error: Request textDocument/foldingRange failed with message: index is out of range
	at /home/ju/.vscode/extensions/ms-python.python-2022.20.1/out/client/extension.js:2:1948854
	at /home/ju/.vscode/extensions/ms-python.python-2022.20.1/out/client/extension.js:2:1949148
	at Immediate.<anonymous> (/home/ju/.vscode/extensions/ms-python.python-2022.20.1/out/client/extension.js:2:1949510)
	at process.processImmediate (node:internal/timers:466:21)
2022-12-25 19:46:56.466 [error] [ms-python.python] provider FAILED
2022-12-25 19:46:56.466 [error] Error: Request textDocument/foldingRange failed with message: index is out of range
	at /home/ju/.vscode/extensions/ms-python.python-2022.20.1/out/client/extension.js:2:1948854
	at /home/ju/.vscode/extensions/ms-python.python-2022.20.1/out/client/extension.js:2:1949148
	at Immediate.<anonymous> (/home/ju/.vscode/extensions/ms-python.python-2022.20.1/out/client/extension.js:2:1949510)
	at process.processImmediate (node:internal/timers:466:21)
2022-12-25 19:46:57.075 [error] [ms-python.python] provider FAILED
2022-12-25 19:46:57.075 [error] Error: Request textDocument/foldingRange failed with message: index is out of range
	at /home/ju/.vscode/extensions/ms-python.python-2022.20.1/out/client/extension.js:2:1948854
	at /home/ju/.vscode/extensions/ms-python.python-2022.20.1/out/client/extension.js:2:1949148
	at Immediate.<anonymous> (/home/ju/.vscode/extensions/ms-python.python-2022.20.1/out/client/extension.js:2:1949510)
	at process.processImmediate (node:internal/timers:466:21)
2022-12-25 19:46:57.713 [error] [ms-python.python] provider FAILED
2022-12-25 19:46:57.713 [error] Error: Request textDocument/foldingRange failed with message: index is out of range
	at /home/ju/.vscode/extensions/ms-python.python-2022.20.1/out/client/extension.js:2:1948854
	at /home/ju/.vscode/extensions/ms-python.python-2022.20.1/out/client/extension.js:2:1949148
	at Immediate.<anonymous> (/home/ju/.vscode/extensions/ms-python.python-2022.20.1/out/client/extension.js:2:1949510)
	at process.processImmediate (node:internal/timers:466:21)
2022-12-25 19:46:57.944 [error] [ms-python.python] provider FAILED
2022-12-25 19:46:57.944 [error] Error: Request textDocument/foldingRange failed with message: index is out of range
	at /home/ju/.vscode/extensions/ms-python.python-2022.20.1/out/client/extension.js:2:1948854
	at /home/ju/.vscode/extensions/ms-python.python-2022.20.1/out/client/extension.js:2:1949148
	at Immediate.<anonymous> (/home/ju/.vscode/extensions/ms-python.python-2022.20.1/out/client/extension.js:2:1949510)
	at process.processImmediate (node:internal/timers:466:21)
2022-12-25 19:46:58.449 [error] [ms-python.python] provider FAILED
2022-12-25 19:46:58.450 [error] Error: Request textDocument/foldingRange failed with message: index is out of range
	at /home/ju/.vscode/extensions/ms-python.python-2022.20.1/out/client/extension.js:2:1948854
	at /home/ju/.vscode/extensions/ms-python.python-2022.20.1/out/client/extension.js:2:1949148
	at Immediate.<anonymous> (/home/ju/.vscode/extensions/ms-python.python-2022.20.1/out/client/extension.js:2:1949510)
	at process.processImmediate (node:internal/timers:466:21)
2022-12-25 19:46:59.143 [error] [ms-python.python] provider FAILED
2022-12-25 19:46:59.143 [error] Error: Request textDocument/foldingRange failed with message: index is out of range
	at /home/ju/.vscode/extensions/ms-python.python-2022.20.1/out/client/extension.js:2:1948854
	at /home/ju/.vscode/extensions/ms-python.python-2022.20.1/out/client/extension.js:2:1949148
	at Immediate.<anonymous> (/home/ju/.vscode/extensions/ms-python.python-2022.20.1/out/client/extension.js:2:1949510)
	at process.processImmediate (node:internal/timers:466:21)
2022-12-25 19:47:00.807 [error] [ms-python.python] provider FAILED
2022-12-25 19:47:00.807 [error] Error: Request textDocument/foldingRange failed with message: index is out of range
	at /home/ju/.vscode/extensions/ms-python.python-2022.20.1/out/client/extension.js:2:1948854
	at /home/ju/.vscode/extensions/ms-python.python-2022.20.1/out/client/extension.js:2:1949148
	at Immediate.<anonymous> (/home/ju/.vscode/extensions/ms-python.python-2022.20.1/out/client/extension.js:2:1949510)
	at process.processImmediate (node:internal/timers:466:21)
2022-12-25 19:47:01.074 [error] [ms-python.python] provider FAILED
2022-12-25 19:47:01.074 [error] Error: Request textDocument/foldingRange failed with message: index is out of range
	at /home/ju/.vscode/extensions/ms-python.python-2022.20.1/out/client/extension.js:2:1948854
	at /home/ju/.vscode/extensions/ms-python.python-2022.20.1/out/client/extension.js:2:1949148
	at Immediate.<anonymous> (/home/ju/.vscode/extensions/ms-python.python-2022.20.1/out/client/extension.js:2:1949510)
	at process.processImmediate (node:internal/timers:466:21)
2022-12-25 19:47:01.663 [error] [ms-python.python] provider FAILED
2022-12-25 19:47:01.663 [error] Error: Request textDocument/foldingRange failed with message: index is out of range
	at /home/ju/.vscode/extensions/ms-python.python-2022.20.1/out/client/extension.js:2:1948854
	at /home/ju/.vscode/extensions/ms-python.python-2022.20.1/out/client/extension.js:2:1949148
	at Immediate.<anonymous> (/home/ju/.vscode/extensions/ms-python.python-2022.20.1/out/client/extension.js:2:1949510)
	at process.processImmediate (node:internal/timers:466:21)
2022-12-25 19:47:02.183 [error] [ms-python.python] provider FAILED
2022-12-25 19:47:02.183 [error] Error: Request textDocument/foldingRange failed with message: index is out of range
	at /home/ju/.vscode/extensions/ms-python.python-2022.20.1/out/client/extension.js:2:1948854
	at /home/ju/.vscode/extensions/ms-python.python-2022.20.1/out/client/extension.js:2:1949148
	at Immediate.<anonymous> (/home/ju/.vscode/extensions/ms-python.python-2022.20.1/out/client/extension.js:2:1949510)
	at process.processImmediate (node:internal/timers:466:21)
2022-12-25 19:47:02.829 [error] [ms-python.python] provider FAILED
2022-12-25 19:47:02.829 [error] Error: Request textDocument/foldingRange failed with message: index is out of range
	at /home/ju/.vscode/extensions/ms-python.python-2022.20.1/out/client/extension.js:2:1948854
	at /home/ju/.vscode/extensions/ms-python.python-2022.20.1/out/client/extension.js:2:1949148
	at Immediate.<anonymous> (/home/ju/.vscode/extensions/ms-python.python-2022.20.1/out/client/extension.js:2:1949510)
	at process.processImmediate (node:internal/timers:466:21)
2022-12-25 19:47:03.181 [error] [ms-python.python] provider FAILED
2022-12-25 19:47:03.181 [error] Error: Request textDocument/foldingRange failed with message: index is out of range
	at /home/ju/.vscode/extensions/ms-python.python-2022.20.1/out/client/extension.js:2:1948854
	at /home/ju/.vscode/extensions/ms-python.python-2022.20.1/out/client/extension.js:2:1949148
	at Immediate.<anonymous> (/home/ju/.vscode/extensions/ms-python.python-2022.20.1/out/client/extension.js:2:1949510)
	at process.processImmediate (node:internal/timers:466:21)
2022-12-25 19:47:03.599 [error] [ms-python.python] provider FAILED
2022-12-25 19:47:03.599 [error] Error: Request textDocument/foldingRange failed with message: index is out of range
	at /home/ju/.vscode/extensions/ms-python.python-2022.20.1/out/client/extension.js:2:1948854
	at /home/ju/.vscode/extensions/ms-python.python-2022.20.1/out/client/extension.js:2:1949148
	at Immediate.<anonymous> (/home/ju/.vscode/extensions/ms-python.python-2022.20.1/out/client/extension.js:2:1949510)
	at process.processImmediate (node:internal/timers:466:21)
